2023-08-27 00:27:36.700  INFO 15108 --- [restartedMain] com.ecommerce.EcommerceTestApplication   : Starting EcommerceTestApplication using Java 11.0.17 on Enocks-PC with PID 15108 (D:\Development\G-ECONOMY\Interview Cases\microservice-setup\ecommerce-test\build\classes\java\main started by Enock-M in D:\Development\G-ECONOMY\Interview Cases\microservice-setup\ecommerce-test)
2023-08-27 00:27:36.701  INFO 15108 --- [restartedMain] com.ecommerce.EcommerceTestApplication   : No active profile set, falling back to 1 default profile: "default"
2023-08-27 00:27:36.742  INFO 15108 --- [restartedMain] .e.DevToolsPropertyDefaultsPostProcessor : Devtools property defaults active! Set 'spring.devtools.add-properties' to 'false' to disable
2023-08-27 00:27:36.743  INFO 15108 --- [restartedMain] .e.DevToolsPropertyDefaultsPostProcessor : For additional web related logging consider setting the 'logging.level.web' property to 'DEBUG'
2023-08-27 00:27:37.567  INFO 15108 --- [restartedMain] .s.d.r.c.RepositoryConfigurationDelegate : Bootstrapping Spring Data JPA repositories in DEFAULT mode.
2023-08-27 00:27:37.583  INFO 15108 --- [restartedMain] .s.d.r.c.RepositoryConfigurationDelegate : Finished Spring Data repository scanning in 6 ms. Found 0 JPA repository interfaces.
2023-08-27 00:27:38.213  INFO 15108 --- [restartedMain] o.s.b.w.embedded.tomcat.TomcatWebServer  : Tomcat initialized with port(s): 8000 (http)
2023-08-27 00:27:38.219  INFO 15108 --- [restartedMain] o.apache.catalina.core.StandardService   : Starting service [Tomcat]
2023-08-27 00:27:38.219  INFO 15108 --- [restartedMain] org.apache.catalina.core.StandardEngine  : Starting Servlet engine: [Apache Tomcat/9.0.79]
2023-08-27 00:27:38.282  INFO 15108 --- [restartedMain] o.a.c.c.C.[Tomcat].[localhost].[/]       : Initializing Spring embedded WebApplicationContext
2023-08-27 00:27:38.283  INFO 15108 --- [restartedMain] w.s.c.ServletWebServerApplicationContext : Root WebApplicationContext: initialization completed in 1540 ms
2023-08-27 00:27:38.306  INFO 15108 --- [restartedMain] com.zaxxer.hikari.HikariDataSource       : HikariPool-1 - Starting...
2023-08-27 00:27:38.423  INFO 15108 --- [restartedMain] com.zaxxer.hikari.HikariDataSource       : HikariPool-1 - Start completed.
2023-08-27 00:27:38.438  INFO 15108 --- [restartedMain] o.s.b.a.h2.H2ConsoleAutoConfiguration    : H2 console available at '/h2-console'. Database available at 'jdbc:h2:mem:00c54aab-2eb5-4845-84e9-0f7f4a3fd77e'
2023-08-27 00:27:38.543  INFO 15108 --- [restartedMain] o.hibernate.jpa.internal.util.LogHelper  : HHH000204: Processing PersistenceUnitInfo [name: default]
2023-08-27 00:27:38.579  INFO 15108 --- [restartedMain] org.hibernate.Version                    : HHH000412: Hibernate ORM core version 5.6.15.Final
2023-08-27 00:27:38.695  INFO 15108 --- [restartedMain] o.hibernate.annotations.common.Version   : HCANN000001: Hibernate Commons Annotations {5.1.2.Final}
2023-08-27 00:27:38.780  INFO 15108 --- [restartedMain] org.hibernate.dialect.Dialect            : HHH000400: Using dialect: org.hibernate.dialect.H2Dialect
2023-08-27 00:27:38.928  INFO 15108 --- [restartedMain] o.h.e.t.j.p.i.JtaPlatformInitiator       : HHH000490: Using JtaPlatform implementation: [org.hibernate.engine.transaction.jta.platform.internal.NoJtaPlatform]
2023-08-27 00:27:38.937  INFO 15108 --- [restartedMain] j.LocalContainerEntityManagerFactoryBean : Initialized JPA EntityManagerFactory for persistence unit 'default'
2023-08-27 00:27:39.119  WARN 15108 --- [restartedMain] JpaBaseConfiguration$JpaWebConfiguration : spring.jpa.open-in-view is enabled by default. Therefore, database queries may be performed during view rendering. Explicitly configure spring.jpa.open-in-view to disable this warning
2023-08-27 00:27:39.392  INFO 15108 --- [restartedMain] o.s.b.d.a.OptionalLiveReloadServer       : LiveReload server is running on port 35729
2023-08-27 00:27:39.562  INFO 15108 --- [restartedMain] o.s.b.w.embedded.tomcat.TomcatWebServer  : Tomcat started on port(s): 8000 (http) with context path ''
2023-08-27 00:27:39.727  INFO 15108 --- [restartedMain] com.ecommerce.EcommerceTestApplication   : Started EcommerceTestApplication in 3.426 seconds (JVM running for 5.267)
2023-08-27 00:27:54.788  INFO 15108 --- [http-nio-8000-exec-1] o.a.c.c.C.[Tomcat].[localhost].[/]       : Initializing Spring DispatcherServlet 'dispatcherServlet'
2023-08-27 00:27:54.790  INFO 15108 --- [http-nio-8000-exec-1] o.s.web.servlet.DispatcherServlet        : Initializing Servlet 'dispatcherServlet'
2023-08-27 00:27:54.793  INFO 15108 --- [http-nio-8000-exec-1] o.s.web.servlet.DispatcherServlet        : Completed initialization in 3 ms
2023-08-27 00:28:24.416  INFO 15108 --- [SpringApplicationShutdownHook] j.LocalContainerEntityManagerFactoryBean : Closing JPA EntityManagerFactory for persistence unit 'default'
2023-08-27 00:28:24.416  INFO 15108 --- [SpringApplicationShutdownHook] .SchemaDropperImpl$DelayedDropActionImpl : HHH000477: Starting delayed evictData of schema as part of SessionFactory shut-down'
2023-08-27 00:28:24.638  WARN 15108 --- [SpringApplicationShutdownHook] o.s.b.f.support.DisposableBeanAdapter    : Invocation of destroy method failed on bean with name 'inMemoryDatabaseShutdownExecutor': org.h2.jdbc.JdbcSQLNonTransientConnectionException: Database is already closed (to disable automatic closing at VM shutdown, add ";DB_CLOSE_ON_EXIT=FALSE" to the db URL) [90121-214]
2023-08-27 00:28:24.639  INFO 15108 --- [SpringApplicationShutdownHook] com.zaxxer.hikari.HikariDataSource       : HikariPool-1 - Shutdown initiated...
2023-08-27 00:28:24.646  INFO 15108 --- [SpringApplicationShutdownHook] com.zaxxer.hikari.HikariDataSource       : HikariPool-1 - Shutdown completed.
2023-08-27 00:30:14.231  INFO 21196 --- [restartedMain] com.ecommerce.EcommerceTestApplication   : Starting EcommerceTestApplication using Java 11.0.17 on Enocks-PC with PID 21196 (D:\Development\G-ECONOMY\Interview Cases\microservice-setup\ecommerce-test\build\classes\java\main started by Enock-M in D:\Development\G-ECONOMY\Interview Cases\microservice-setup\ecommerce-test)
2023-08-27 00:30:14.233  INFO 21196 --- [restartedMain] com.ecommerce.EcommerceTestApplication   : No active profile set, falling back to 1 default profile: "default"
2023-08-27 00:30:14.278  INFO 21196 --- [restartedMain] .e.DevToolsPropertyDefaultsPostProcessor : Devtools property defaults active! Set 'spring.devtools.add-properties' to 'false' to disable
2023-08-27 00:30:14.278  INFO 21196 --- [restartedMain] .e.DevToolsPropertyDefaultsPostProcessor : For additional web related logging consider setting the 'logging.level.web' property to 'DEBUG'
2023-08-27 00:30:15.083  INFO 21196 --- [restartedMain] .s.d.r.c.RepositoryConfigurationDelegate : Bootstrapping Spring Data JPA repositories in DEFAULT mode.
2023-08-27 00:30:15.095  INFO 21196 --- [restartedMain] .s.d.r.c.RepositoryConfigurationDelegate : Finished Spring Data repository scanning in 4 ms. Found 0 JPA repository interfaces.
2023-08-27 00:30:15.640  INFO 21196 --- [restartedMain] o.s.b.w.embedded.tomcat.TomcatWebServer  : Tomcat initialized with port(s): 8000 (http)
2023-08-27 00:30:15.647  INFO 21196 --- [restartedMain] o.apache.catalina.core.StandardService   : Starting service [Tomcat]
2023-08-27 00:30:15.647  INFO 21196 --- [restartedMain] org.apache.catalina.core.StandardEngine  : Starting Servlet engine: [Apache Tomcat/9.0.79]
2023-08-27 00:30:15.710  INFO 21196 --- [restartedMain] o.a.c.c.C.[Tomcat].[localhost].[/]       : Initializing Spring embedded WebApplicationContext
2023-08-27 00:30:15.710  INFO 21196 --- [restartedMain] w.s.c.ServletWebServerApplicationContext : Root WebApplicationContext: initialization completed in 1431 ms
2023-08-27 00:30:15.734  INFO 21196 --- [restartedMain] com.zaxxer.hikari.HikariDataSource       : HikariPool-1 - Starting...
2023-08-27 00:30:15.834  INFO 21196 --- [restartedMain] com.zaxxer.hikari.HikariDataSource       : HikariPool-1 - Start completed.
2023-08-27 00:30:15.845  INFO 21196 --- [restartedMain] o.s.b.a.h2.H2ConsoleAutoConfiguration    : H2 console available at '/h2-console'. Database available at 'jdbc:h2:mem:e4bf714d-8ccf-4032-9b5e-5a2040abde92'
2023-08-27 00:30:15.951  INFO 21196 --- [restartedMain] o.hibernate.jpa.internal.util.LogHelper  : HHH000204: Processing PersistenceUnitInfo [name: default]
2023-08-27 00:30:15.987  INFO 21196 --- [restartedMain] org.hibernate.Version                    : HHH000412: Hibernate ORM core version 5.6.15.Final
2023-08-27 00:30:16.108  INFO 21196 --- [restartedMain] o.hibernate.annotations.common.Version   : HCANN000001: Hibernate Commons Annotations {5.1.2.Final}
2023-08-27 00:30:16.184  INFO 21196 --- [restartedMain] org.hibernate.dialect.Dialect            : HHH000400: Using dialect: org.hibernate.dialect.H2Dialect
2023-08-27 00:30:16.333  INFO 21196 --- [restartedMain] o.h.e.t.j.p.i.JtaPlatformInitiator       : HHH000490: Using JtaPlatform implementation: [org.hibernate.engine.transaction.jta.platform.internal.NoJtaPlatform]
2023-08-27 00:30:16.344  INFO 21196 --- [restartedMain] j.LocalContainerEntityManagerFactoryBean : Initialized JPA EntityManagerFactory for persistence unit 'default'
2023-08-27 00:30:16.548  WARN 21196 --- [restartedMain] JpaBaseConfiguration$JpaWebConfiguration : spring.jpa.open-in-view is enabled by default. Therefore, database queries may be performed during view rendering. Explicitly configure spring.jpa.open-in-view to disable this warning
2023-08-27 00:30:16.784  INFO 21196 --- [restartedMain] o.s.b.d.a.OptionalLiveReloadServer       : LiveReload server is running on port 35729
2023-08-27 00:30:16.953  INFO 21196 --- [restartedMain] o.s.b.w.embedded.tomcat.TomcatWebServer  : Tomcat started on port(s): 8000 (http) with context path ''
2023-08-27 00:30:17.001  INFO 21196 --- [restartedMain] com.ecommerce.EcommerceTestApplication   : Started EcommerceTestApplication in 3.126 seconds (JVM running for 4.129)
2023-08-27 00:30:25.910  INFO 21196 --- [http-nio-8000-exec-1] o.a.c.c.C.[Tomcat].[localhost].[/]       : Initializing Spring DispatcherServlet 'dispatcherServlet'
2023-08-27 00:30:25.911  INFO 21196 --- [http-nio-8000-exec-1] o.s.web.servlet.DispatcherServlet        : Initializing Servlet 'dispatcherServlet'
2023-08-27 00:30:25.915  INFO 21196 --- [http-nio-8000-exec-1] o.s.web.servlet.DispatcherServlet        : Completed initialization in 2 ms
2023-08-27 00:30:56.702  INFO 21196 --- [SpringApplicationShutdownHook] j.LocalContainerEntityManagerFactoryBean : Closing JPA EntityManagerFactory for persistence unit 'default'
2023-08-27 00:30:56.702  INFO 21196 --- [SpringApplicationShutdownHook] .SchemaDropperImpl$DelayedDropActionImpl : HHH000477: Starting delayed evictData of schema as part of SessionFactory shut-down'
2023-08-27 00:30:56.921  WARN 21196 --- [SpringApplicationShutdownHook] o.s.b.f.support.DisposableBeanAdapter    : Invocation of destroy method failed on bean with name 'inMemoryDatabaseShutdownExecutor': org.h2.jdbc.JdbcSQLNonTransientConnectionException: Database is already closed (to disable automatic closing at VM shutdown, add ";DB_CLOSE_ON_EXIT=FALSE" to the db URL) [90121-214]
2023-08-27 00:30:56.922  INFO 21196 --- [SpringApplicationShutdownHook] com.zaxxer.hikari.HikariDataSource       : HikariPool-1 - Shutdown initiated...
2023-08-27 00:30:56.927  INFO 21196 --- [SpringApplicationShutdownHook] com.zaxxer.hikari.HikariDataSource       : HikariPool-1 - Shutdown completed.
2023-08-27 00:31:12.999  INFO 21744 --- [restartedMain] com.ecommerce.EcommerceTestApplication   : Starting EcommerceTestApplication using Java 11.0.17 on Enocks-PC with PID 21744 (D:\Development\G-ECONOMY\Interview Cases\microservice-setup\ecommerce-test\build\classes\java\main started by Enock-M in D:\Development\G-ECONOMY\Interview Cases\microservice-setup\ecommerce-test)
2023-08-27 00:31:13.001  INFO 21744 --- [restartedMain] com.ecommerce.EcommerceTestApplication   : No active profile set, falling back to 1 default profile: "default"
2023-08-27 00:31:13.042  INFO 21744 --- [restartedMain] .e.DevToolsPropertyDefaultsPostProcessor : Devtools property defaults active! Set 'spring.devtools.add-properties' to 'false' to disable
2023-08-27 00:31:13.042  INFO 21744 --- [restartedMain] .e.DevToolsPropertyDefaultsPostProcessor : For additional web related logging consider setting the 'logging.level.web' property to 'DEBUG'
2023-08-27 00:31:14.216  INFO 21744 --- [restartedMain] .s.d.r.c.RepositoryConfigurationDelegate : Bootstrapping Spring Data JPA repositories in DEFAULT mode.
2023-08-27 00:31:14.236  INFO 21744 --- [restartedMain] .s.d.r.c.RepositoryConfigurationDelegate : Finished Spring Data repository scanning in 7 ms. Found 0 JPA repository interfaces.
2023-08-27 00:31:14.852  INFO 21744 --- [restartedMain] o.s.b.w.embedded.tomcat.TomcatWebServer  : Tomcat initialized with port(s): 8000 (http)
2023-08-27 00:31:14.859  INFO 21744 --- [restartedMain] o.apache.catalina.core.StandardService   : Starting service [Tomcat]
2023-08-27 00:31:14.859  INFO 21744 --- [restartedMain] org.apache.catalina.core.StandardEngine  : Starting Servlet engine: [Apache Tomcat/9.0.79]
2023-08-27 00:31:14.927  INFO 21744 --- [restartedMain] o.a.c.c.C.[Tomcat].[localhost].[/]       : Initializing Spring embedded WebApplicationContext
2023-08-27 00:31:14.927  INFO 21744 --- [restartedMain] w.s.c.ServletWebServerApplicationContext : Root WebApplicationContext: initialization completed in 1884 ms
2023-08-27 00:31:14.951  INFO 21744 --- [restartedMain] com.zaxxer.hikari.HikariDataSource       : HikariPool-1 - Starting...
2023-08-27 00:31:15.050  INFO 21744 --- [restartedMain] com.zaxxer.hikari.HikariDataSource       : HikariPool-1 - Start completed.
2023-08-27 00:31:15.063  INFO 21744 --- [restartedMain] o.s.b.a.h2.H2ConsoleAutoConfiguration    : H2 console available at '/h2-console'. Database available at 'jdbc:h2:mem:b0d6c174-21f2-473a-ac52-c0eea4f297d1'
2023-08-27 00:31:15.159  INFO 21744 --- [restartedMain] o.hibernate.jpa.internal.util.LogHelper  : HHH000204: Processing PersistenceUnitInfo [name: default]
2023-08-27 00:31:15.195  INFO 21744 --- [restartedMain] org.hibernate.Version                    : HHH000412: Hibernate ORM core version 5.6.15.Final
2023-08-27 00:31:15.306  INFO 21744 --- [restartedMain] o.hibernate.annotations.common.Version   : HCANN000001: Hibernate Commons Annotations {5.1.2.Final}
2023-08-27 00:31:15.392  INFO 21744 --- [restartedMain] org.hibernate.dialect.Dialect            : HHH000400: Using dialect: org.hibernate.dialect.H2Dialect
2023-08-27 00:31:15.531  INFO 21744 --- [restartedMain] o.h.e.t.j.p.i.JtaPlatformInitiator       : HHH000490: Using JtaPlatform implementation: [org.hibernate.engine.transaction.jta.platform.internal.NoJtaPlatform]
2023-08-27 00:31:15.542  INFO 21744 --- [restartedMain] j.LocalContainerEntityManagerFactoryBean : Initialized JPA EntityManagerFactory for persistence unit 'default'
2023-08-27 00:31:15.802  WARN 21744 --- [restartedMain] JpaBaseConfiguration$JpaWebConfiguration : spring.jpa.open-in-view is enabled by default. Therefore, database queries may be performed during view rendering. Explicitly configure spring.jpa.open-in-view to disable this warning
2023-08-27 00:31:16.029  INFO 21744 --- [restartedMain] o.s.b.d.a.OptionalLiveReloadServer       : LiveReload server is running on port 35729
2023-08-27 00:31:16.207  INFO 21744 --- [restartedMain] o.s.b.w.embedded.tomcat.TomcatWebServer  : Tomcat started on port(s): 8000 (http) with context path ''
2023-08-27 00:31:16.249  INFO 21744 --- [restartedMain] com.ecommerce.EcommerceTestApplication   : Started EcommerceTestApplication in 3.61 seconds (JVM running for 4.583)
2023-08-27 00:31:16.564  INFO 21744 --- [http-nio-8000-exec-1] o.a.c.c.C.[Tomcat].[localhost].[/]       : Initializing Spring DispatcherServlet 'dispatcherServlet'
2023-08-27 00:31:16.565  INFO 21744 --- [http-nio-8000-exec-1] o.s.web.servlet.DispatcherServlet        : Initializing Servlet 'dispatcherServlet'
2023-08-27 00:31:16.568  INFO 21744 --- [http-nio-8000-exec-1] o.s.web.servlet.DispatcherServlet        : Completed initialization in 2 ms
2023-08-27 00:31:44.687  INFO 21744 --- [SpringApplicationShutdownHook] j.LocalContainerEntityManagerFactoryBean : Closing JPA EntityManagerFactory for persistence unit 'default'
2023-08-27 00:31:44.687  INFO 21744 --- [SpringApplicationShutdownHook] .SchemaDropperImpl$DelayedDropActionImpl : HHH000477: Starting delayed evictData of schema as part of SessionFactory shut-down'
2023-08-27 00:31:44.901  WARN 21744 --- [SpringApplicationShutdownHook] o.s.b.f.support.DisposableBeanAdapter    : Invocation of destroy method failed on bean with name 'inMemoryDatabaseShutdownExecutor': org.h2.jdbc.JdbcSQLNonTransientConnectionException: Database is already closed (to disable automatic closing at VM shutdown, add ";DB_CLOSE_ON_EXIT=FALSE" to the db URL) [90121-214]
2023-08-27 00:31:44.902  INFO 21744 --- [SpringApplicationShutdownHook] com.zaxxer.hikari.HikariDataSource       : HikariPool-1 - Shutdown initiated...
2023-08-27 00:31:44.907  INFO 21744 --- [SpringApplicationShutdownHook] com.zaxxer.hikari.HikariDataSource       : HikariPool-1 - Shutdown completed.
2023-08-27 00:54:08.125  INFO 5144 --- [restartedMain] com.ecommerce.EcommerceTestApplication   : Starting EcommerceTestApplication using Java 11.0.17 on Enocks-PC with PID 5144 (D:\Development\G-ECONOMY\Interview Cases\microservice-setup\ecommerce-test\build\classes\java\main started by Enock-M in D:\Development\G-ECONOMY\Interview Cases\microservice-setup\ecommerce-test)
2023-08-27 00:54:08.126  INFO 5144 --- [restartedMain] com.ecommerce.EcommerceTestApplication   : No active profile set, falling back to 1 default profile: "default"
2023-08-27 00:54:08.162  INFO 5144 --- [restartedMain] .e.DevToolsPropertyDefaultsPostProcessor : Devtools property defaults active! Set 'spring.devtools.add-properties' to 'false' to disable
2023-08-27 00:54:08.162  INFO 5144 --- [restartedMain] .e.DevToolsPropertyDefaultsPostProcessor : For additional web related logging consider setting the 'logging.level.web' property to 'DEBUG'
2023-08-27 00:54:08.967  INFO 5144 --- [restartedMain] .s.d.r.c.RepositoryConfigurationDelegate : Bootstrapping Spring Data JPA repositories in DEFAULT mode.
2023-08-27 00:54:09.039  INFO 5144 --- [restartedMain] .s.d.r.c.RepositoryConfigurationDelegate : Finished Spring Data repository scanning in 65 ms. Found 3 JPA repository interfaces.
2023-08-27 00:54:09.622  INFO 5144 --- [restartedMain] o.s.b.w.embedded.tomcat.TomcatWebServer  : Tomcat initialized with port(s): 8000 (http)
2023-08-27 00:54:09.629  INFO 5144 --- [restartedMain] o.apache.catalina.core.StandardService   : Starting service [Tomcat]
2023-08-27 00:54:09.630  INFO 5144 --- [restartedMain] org.apache.catalina.core.StandardEngine  : Starting Servlet engine: [Apache Tomcat/9.0.79]
2023-08-27 00:54:09.693  INFO 5144 --- [restartedMain] o.a.c.c.C.[Tomcat].[localhost].[/]       : Initializing Spring embedded WebApplicationContext
2023-08-27 00:54:09.693  INFO 5144 --- [restartedMain] w.s.c.ServletWebServerApplicationContext : Root WebApplicationContext: initialization completed in 1531 ms
2023-08-27 00:54:09.716  INFO 5144 --- [restartedMain] com.zaxxer.hikari.HikariDataSource       : HikariPool-1 - Starting...
2023-08-27 00:54:09.814  INFO 5144 --- [restartedMain] com.zaxxer.hikari.HikariDataSource       : HikariPool-1 - Start completed.
2023-08-27 00:54:09.825  INFO 5144 --- [restartedMain] o.s.b.a.h2.H2ConsoleAutoConfiguration    : H2 console available at '/h2-console'. Database available at 'jdbc:h2:mem:order_processing_db'
2023-08-27 00:54:09.922  INFO 5144 --- [restartedMain] o.hibernate.jpa.internal.util.LogHelper  : HHH000204: Processing PersistenceUnitInfo [name: default]
2023-08-27 00:54:09.958  INFO 5144 --- [restartedMain] org.hibernate.Version                    : HHH000412: Hibernate ORM core version 5.6.15.Final
2023-08-27 00:54:10.071  INFO 5144 --- [restartedMain] o.hibernate.annotations.common.Version   : HCANN000001: Hibernate Commons Annotations {5.1.2.Final}
2023-08-27 00:54:10.149  INFO 5144 --- [restartedMain] org.hibernate.dialect.Dialect            : HHH000400: Using dialect: org.hibernate.dialect.H2Dialect
2023-08-27 00:54:10.855  INFO 5144 --- [restartedMain] o.h.e.t.j.p.i.JtaPlatformInitiator       : HHH000490: Using JtaPlatform implementation: [org.hibernate.engine.transaction.jta.platform.internal.NoJtaPlatform]
2023-08-27 00:54:10.864  INFO 5144 --- [restartedMain] j.LocalContainerEntityManagerFactoryBean : Initialized JPA EntityManagerFactory for persistence unit 'default'
2023-08-27 00:54:11.765  INFO 5144 --- [restartedMain] o.s.b.d.a.OptionalLiveReloadServer       : LiveReload server is running on port 35729
2023-08-27 00:54:11.936  INFO 5144 --- [restartedMain] o.s.b.w.embedded.tomcat.TomcatWebServer  : Tomcat started on port(s): 8000 (http) with context path ''
2023-08-27 00:54:11.972  INFO 5144 --- [restartedMain] com.ecommerce.EcommerceTestApplication   : Started EcommerceTestApplication in 4.2 seconds (JVM running for 5.96)
2023-08-27 00:54:11.974  INFO 5144 --- [restartedMain] com.ecommerce.helpers.DataSeedBuilder    : =======================Preloading Customer data=================================
2023-08-27 00:54:12.163  INFO 5144 --- [restartedMain] com.ecommerce.helpers.DataSeedBuilder    : =======================Preloading Products data=================================
2023-08-27 00:54:20.918  INFO 5144 --- [http-nio-8000-exec-1] o.a.c.c.C.[Tomcat].[localhost].[/]       : Initializing Spring DispatcherServlet 'dispatcherServlet'
2023-08-27 00:54:20.919  INFO 5144 --- [http-nio-8000-exec-1] o.s.web.servlet.DispatcherServlet        : Initializing Servlet 'dispatcherServlet'
2023-08-27 00:54:20.921  INFO 5144 --- [http-nio-8000-exec-1] o.s.web.servlet.DispatcherServlet        : Completed initialization in 2 ms
2023-08-27 00:54:50.111  INFO 5144 --- [File Watcher] rtingClassPathChangeChangedEventListener : Restarting due to 1 class path change (0 additions, 0 deletions, 1 modification)
2023-08-27 00:54:50.296  INFO 5144 --- [Thread-4] o.apache.catalina.core.StandardService   : Stopping service [Tomcat]
2023-08-27 00:54:50.300  INFO 5144 --- [Thread-4] o.a.c.c.C.[Tomcat].[localhost].[/]       : Destroying Spring FrameworkServlet 'dispatcherServlet'
2023-08-27 00:54:50.311  INFO 5144 --- [Thread-4] j.LocalContainerEntityManagerFactoryBean : Closing JPA EntityManagerFactory for persistence unit 'default'
2023-08-27 00:54:50.311  INFO 5144 --- [Thread-4] .SchemaDropperImpl$DelayedDropActionImpl : HHH000477: Starting delayed evictData of schema as part of SessionFactory shut-down'
2023-08-27 00:54:50.532  WARN 5144 --- [Thread-4] o.s.b.f.support.DisposableBeanAdapter    : Invocation of destroy method failed on bean with name 'inMemoryDatabaseShutdownExecutor': org.h2.jdbc.JdbcSQLNonTransientConnectionException: Database is already closed (to disable automatic closing at VM shutdown, add ";DB_CLOSE_ON_EXIT=FALSE" to the db URL) [90121-214]
2023-08-27 00:54:50.533  INFO 5144 --- [Thread-4] com.zaxxer.hikari.HikariDataSource       : HikariPool-1 - Shutdown initiated...
2023-08-27 00:54:50.544  INFO 5144 --- [Thread-4] com.zaxxer.hikari.HikariDataSource       : HikariPool-1 - Shutdown completed.
2023-08-27 00:54:50.650  INFO 5144 --- [restartedMain] com.ecommerce.EcommerceTestApplication   : Starting EcommerceTestApplication using Java 11.0.17 on Enocks-PC with PID 5144 (D:\Development\G-ECONOMY\Interview Cases\microservice-setup\ecommerce-test\build\classes\java\main started by Enock-M in D:\Development\G-ECONOMY\Interview Cases\microservice-setup\ecommerce-test)
2023-08-27 00:54:50.650  INFO 5144 --- [restartedMain] com.ecommerce.EcommerceTestApplication   : No active profile set, falling back to 1 default profile: "default"
2023-08-27 00:54:50.913  INFO 5144 --- [restartedMain] .s.d.r.c.RepositoryConfigurationDelegate : Bootstrapping Spring Data JPA repositories in DEFAULT mode.
2023-08-27 00:54:50.926  INFO 5144 --- [restartedMain] .s.d.r.c.RepositoryConfigurationDelegate : Finished Spring Data repository scanning in 12 ms. Found 3 JPA repository interfaces.
2023-08-27 00:54:51.010  INFO 5144 --- [restartedMain] o.s.b.w.embedded.tomcat.TomcatWebServer  : Tomcat initialized with port(s): 8081 (http)
2023-08-27 00:54:51.013  INFO 5144 --- [restartedMain] o.apache.catalina.core.StandardService   : Starting service [Tomcat]
2023-08-27 00:54:51.013  INFO 5144 --- [restartedMain] org.apache.catalina.core.StandardEngine  : Starting Servlet engine: [Apache Tomcat/9.0.79]
2023-08-27 00:54:51.030  INFO 5144 --- [restartedMain] o.a.c.c.C.[Tomcat].[localhost].[/]       : Initializing Spring embedded WebApplicationContext
2023-08-27 00:54:51.030  INFO 5144 --- [restartedMain] w.s.c.ServletWebServerApplicationContext : Root WebApplicationContext: initialization completed in 378 ms
2023-08-27 00:54:51.043  INFO 5144 --- [restartedMain] com.zaxxer.hikari.HikariDataSource       : HikariPool-2 - Starting...
2023-08-27 00:54:51.046  INFO 5144 --- [restartedMain] com.zaxxer.hikari.HikariDataSource       : HikariPool-2 - Start completed.
2023-08-27 00:54:51.046  INFO 5144 --- [restartedMain] o.s.b.a.h2.H2ConsoleAutoConfiguration    : H2 console available at '/h2-console'. Database available at 'jdbc:h2:mem:order_processing_db'
2023-08-27 00:54:51.088  INFO 5144 --- [restartedMain] o.hibernate.jpa.internal.util.LogHelper  : HHH000204: Processing PersistenceUnitInfo [name: default]
2023-08-27 00:54:51.096  INFO 5144 --- [restartedMain] org.hibernate.dialect.Dialect            : HHH000400: Using dialect: org.hibernate.dialect.H2Dialect
2023-08-27 00:54:51.205  INFO 5144 --- [restartedMain] o.h.e.t.j.p.i.JtaPlatformInitiator       : HHH000490: Using JtaPlatform implementation: [org.hibernate.engine.transaction.jta.platform.internal.NoJtaPlatform]
2023-08-27 00:54:51.205  INFO 5144 --- [restartedMain] j.LocalContainerEntityManagerFactoryBean : Initialized JPA EntityManagerFactory for persistence unit 'default'
2023-08-27 00:54:51.415  INFO 5144 --- [restartedMain] o.s.b.d.a.OptionalLiveReloadServer       : LiveReload server is running on port 35729
2023-08-27 00:54:51.474  INFO 5144 --- [restartedMain] o.s.b.w.embedded.tomcat.TomcatWebServer  : Tomcat started on port(s): 8081 (http) with context path ''
2023-08-27 00:54:51.486  INFO 5144 --- [restartedMain] com.ecommerce.EcommerceTestApplication   : Started EcommerceTestApplication in 0.874 seconds (JVM running for 45.474)
2023-08-27 00:54:51.487  INFO 5144 --- [restartedMain] com.ecommerce.helpers.DataSeedBuilder    : =======================Preloading Customer data=================================
2023-08-27 00:54:51.496  INFO 5144 --- [restartedMain] com.ecommerce.helpers.DataSeedBuilder    : =======================Preloading Products data=================================
2023-08-27 00:54:51.504  INFO 5144 --- [restartedMain] .ConditionEvaluationDeltaLoggingListener : Condition evaluation unchanged
2023-08-27 00:55:15.446  INFO 5144 --- [File Watcher] rtingClassPathChangeChangedEventListener : Restarting due to 1 class path change (0 additions, 0 deletions, 1 modification)
2023-08-27 00:55:15.977  INFO 5144 --- [Thread-7] o.apache.catalina.core.StandardService   : Stopping service [Tomcat]
2023-08-27 00:55:15.986  INFO 5144 --- [Thread-7] j.LocalContainerEntityManagerFactoryBean : Closing JPA EntityManagerFactory for persistence unit 'default'
2023-08-27 00:55:15.986  INFO 5144 --- [Thread-7] .SchemaDropperImpl$DelayedDropActionImpl : HHH000477: Starting delayed evictData of schema as part of SessionFactory shut-down'
2023-08-27 00:55:16.203  WARN 5144 --- [Thread-7] o.s.b.f.support.DisposableBeanAdapter    : Invocation of destroy method failed on bean with name 'inMemoryDatabaseShutdownExecutor': org.h2.jdbc.JdbcSQLNonTransientConnectionException: Database is already closed (to disable automatic closing at VM shutdown, add ";DB_CLOSE_ON_EXIT=FALSE" to the db URL) [90121-214]
2023-08-27 00:55:16.205  INFO 5144 --- [Thread-7] com.zaxxer.hikari.HikariDataSource       : HikariPool-2 - Shutdown initiated...
2023-08-27 00:55:16.217  INFO 5144 --- [Thread-7] com.zaxxer.hikari.HikariDataSource       : HikariPool-2 - Shutdown completed.
2023-08-27 00:55:16.301  INFO 5144 --- [restartedMain] com.ecommerce.EcommerceTestApplication   : Starting EcommerceTestApplication using Java 11.0.17 on Enocks-PC with PID 5144 (D:\Development\G-ECONOMY\Interview Cases\microservice-setup\ecommerce-test\build\classes\java\main started by Enock-M in D:\Development\G-ECONOMY\Interview Cases\microservice-setup\ecommerce-test)
2023-08-27 00:55:16.301  INFO 5144 --- [restartedMain] com.ecommerce.EcommerceTestApplication   : No active profile set, falling back to 1 default profile: "default"
2023-08-27 00:55:16.569  INFO 5144 --- [restartedMain] .s.d.r.c.RepositoryConfigurationDelegate : Bootstrapping Spring Data JPA repositories in DEFAULT mode.
2023-08-27 00:55:16.582  INFO 5144 --- [restartedMain] .s.d.r.c.RepositoryConfigurationDelegate : Finished Spring Data repository scanning in 12 ms. Found 3 JPA repository interfaces.
2023-08-27 00:55:16.657  INFO 5144 --- [restartedMain] o.s.b.w.embedded.tomcat.TomcatWebServer  : Tomcat initialized with port(s): 8000 (http)
2023-08-27 00:55:16.658  INFO 5144 --- [restartedMain] o.apache.catalina.core.StandardService   : Starting service [Tomcat]
2023-08-27 00:55:16.658  INFO 5144 --- [restartedMain] org.apache.catalina.core.StandardEngine  : Starting Servlet engine: [Apache Tomcat/9.0.79]
2023-08-27 00:55:16.674  INFO 5144 --- [restartedMain] o.a.c.c.C.[Tomcat].[localhost].[/]       : Initializing Spring embedded WebApplicationContext
2023-08-27 00:55:16.674  INFO 5144 --- [restartedMain] w.s.c.ServletWebServerApplicationContext : Root WebApplicationContext: initialization completed in 371 ms
2023-08-27 00:55:16.684  INFO 5144 --- [restartedMain] com.zaxxer.hikari.HikariDataSource       : HikariPool-3 - Starting...
2023-08-27 00:55:16.686  INFO 5144 --- [restartedMain] com.zaxxer.hikari.HikariDataSource       : HikariPool-3 - Start completed.
2023-08-27 00:55:16.686  INFO 5144 --- [restartedMain] o.s.b.a.h2.H2ConsoleAutoConfiguration    : H2 console available at '/h2-console'. Database available at 'jdbc:h2:mem:order_processing_db'
2023-08-27 00:55:16.705  INFO 5144 --- [restartedMain] o.hibernate.jpa.internal.util.LogHelper  : HHH000204: Processing PersistenceUnitInfo [name: default]
2023-08-27 00:55:16.715  INFO 5144 --- [restartedMain] org.hibernate.dialect.Dialect            : HHH000400: Using dialect: org.hibernate.dialect.H2Dialect
2023-08-27 00:55:16.777  INFO 5144 --- [restartedMain] o.h.e.t.j.p.i.JtaPlatformInitiator       : HHH000490: Using JtaPlatform implementation: [org.hibernate.engine.transaction.jta.platform.internal.NoJtaPlatform]
2023-08-27 00:55:16.777  INFO 5144 --- [restartedMain] j.LocalContainerEntityManagerFactoryBean : Initialized JPA EntityManagerFactory for persistence unit 'default'
2023-08-27 00:55:16.953  INFO 5144 --- [restartedMain] o.s.b.d.a.OptionalLiveReloadServer       : LiveReload server is running on port 35729
2023-08-27 00:55:17.013  INFO 5144 --- [restartedMain] o.s.b.w.embedded.tomcat.TomcatWebServer  : Tomcat started on port(s): 8000 (http) with context path ''
2023-08-27 00:55:17.024  INFO 5144 --- [restartedMain] com.ecommerce.EcommerceTestApplication   : Started EcommerceTestApplication in 0.752 seconds (JVM running for 71.012)
2023-08-27 00:55:17.025  INFO 5144 --- [restartedMain] com.ecommerce.helpers.DataSeedBuilder    : =======================Preloading Customer data=================================
2023-08-27 00:55:17.034  INFO 5144 --- [restartedMain] com.ecommerce.helpers.DataSeedBuilder    : =======================Preloading Products data=================================
2023-08-27 00:55:17.041  INFO 5144 --- [restartedMain] .ConditionEvaluationDeltaLoggingListener : Condition evaluation unchanged
2023-08-27 00:55:19.930  INFO 5144 --- [http-nio-8000-exec-1] o.a.c.c.C.[Tomcat].[localhost].[/]       : Initializing Spring DispatcherServlet 'dispatcherServlet'
2023-08-27 00:55:19.932  INFO 5144 --- [http-nio-8000-exec-1] o.s.web.servlet.DispatcherServlet        : Initializing Servlet 'dispatcherServlet'
2023-08-27 00:55:19.935  INFO 5144 --- [http-nio-8000-exec-1] o.s.web.servlet.DispatcherServlet        : Completed initialization in 3 ms
2023-08-27 00:56:14.567  INFO 5144 --- [File Watcher] rtingClassPathChangeChangedEventListener : Restarting due to 1 class path change (1 addition, 0 deletions, 0 modifications)
2023-08-27 00:56:15.304  INFO 5144 --- [Thread-12] o.apache.catalina.core.StandardService   : Stopping service [Tomcat]
2023-08-27 00:56:15.305  INFO 5144 --- [Thread-12] o.a.c.c.C.[Tomcat].[localhost].[/]       : Destroying Spring FrameworkServlet 'dispatcherServlet'
2023-08-27 00:56:15.318  INFO 5144 --- [Thread-12] j.LocalContainerEntityManagerFactoryBean : Closing JPA EntityManagerFactory for persistence unit 'default'
2023-08-27 00:56:15.319  INFO 5144 --- [Thread-12] .SchemaDropperImpl$DelayedDropActionImpl : HHH000477: Starting delayed evictData of schema as part of SessionFactory shut-down'
2023-08-27 00:56:15.528  WARN 5144 --- [Thread-12] o.s.b.f.support.DisposableBeanAdapter    : Invocation of destroy method failed on bean with name 'inMemoryDatabaseShutdownExecutor': org.h2.jdbc.JdbcSQLNonTransientConnectionException: Database is already closed (to disable automatic closing at VM shutdown, add ";DB_CLOSE_ON_EXIT=FALSE" to the db URL) [90121-214]
2023-08-27 00:56:15.529  INFO 5144 --- [Thread-12] com.zaxxer.hikari.HikariDataSource       : HikariPool-3 - Shutdown initiated...
2023-08-27 00:56:15.538  INFO 5144 --- [Thread-12] com.zaxxer.hikari.HikariDataSource       : HikariPool-3 - Shutdown completed.
2023-08-27 00:56:15.650  INFO 5144 --- [restartedMain] com.ecommerce.EcommerceTestApplication   : Starting EcommerceTestApplication using Java 11.0.17 on Enocks-PC with PID 5144 (D:\Development\G-ECONOMY\Interview Cases\microservice-setup\ecommerce-test\build\classes\java\main started by Enock-M in D:\Development\G-ECONOMY\Interview Cases\microservice-setup\ecommerce-test)
2023-08-27 00:56:15.650  INFO 5144 --- [restartedMain] com.ecommerce.EcommerceTestApplication   : No active profile set, falling back to 1 default profile: "default"
2023-08-27 00:56:16.009  INFO 5144 --- [restartedMain] .s.d.r.c.RepositoryConfigurationDelegate : Bootstrapping Spring Data JPA repositories in DEFAULT mode.
2023-08-27 00:56:16.023  INFO 5144 --- [restartedMain] .s.d.r.c.RepositoryConfigurationDelegate : Finished Spring Data repository scanning in 12 ms. Found 3 JPA repository interfaces.
2023-08-27 00:56:16.099  INFO 5144 --- [restartedMain] o.s.b.w.embedded.tomcat.TomcatWebServer  : Tomcat initialized with port(s): 8000 (http)
2023-08-27 00:56:16.099  INFO 5144 --- [restartedMain] o.apache.catalina.core.StandardService   : Starting service [Tomcat]
2023-08-27 00:56:16.099  INFO 5144 --- [restartedMain] org.apache.catalina.core.StandardEngine  : Starting Servlet engine: [Apache Tomcat/9.0.79]
2023-08-27 00:56:16.115  INFO 5144 --- [restartedMain] o.a.c.c.C.[Tomcat].[localhost].[/]       : Initializing Spring embedded WebApplicationContext
2023-08-27 00:56:16.115  INFO 5144 --- [restartedMain] w.s.c.ServletWebServerApplicationContext : Root WebApplicationContext: initialization completed in 463 ms
2023-08-27 00:56:16.124  INFO 5144 --- [restartedMain] com.zaxxer.hikari.HikariDataSource       : HikariPool-4 - Starting...
2023-08-27 00:56:16.126  INFO 5144 --- [restartedMain] com.zaxxer.hikari.HikariDataSource       : HikariPool-4 - Start completed.
2023-08-27 00:56:16.126  INFO 5144 --- [restartedMain] o.s.b.a.h2.H2ConsoleAutoConfiguration    : H2 console available at '/h2-console'. Database available at 'jdbc:h2:mem:order_processing_db'
2023-08-27 00:56:16.145  INFO 5144 --- [restartedMain] o.hibernate.jpa.internal.util.LogHelper  : HHH000204: Processing PersistenceUnitInfo [name: default]
2023-08-27 00:56:16.153  INFO 5144 --- [restartedMain] org.hibernate.dialect.Dialect            : HHH000400: Using dialect: org.hibernate.dialect.H2Dialect
2023-08-27 00:56:16.211  INFO 5144 --- [restartedMain] o.h.e.t.j.p.i.JtaPlatformInitiator       : HHH000490: Using JtaPlatform implementation: [org.hibernate.engine.transaction.jta.platform.internal.NoJtaPlatform]
2023-08-27 00:56:16.212  INFO 5144 --- [restartedMain] j.LocalContainerEntityManagerFactoryBean : Initialized JPA EntityManagerFactory for persistence unit 'default'
2023-08-27 00:56:16.384  INFO 5144 --- [restartedMain] o.s.b.d.a.OptionalLiveReloadServer       : LiveReload server is running on port 35729
2023-08-27 00:56:16.439  INFO 5144 --- [restartedMain] o.s.b.w.embedded.tomcat.TomcatWebServer  : Tomcat started on port(s): 8000 (http) with context path ''
2023-08-27 00:56:16.454  INFO 5144 --- [http-nio-8000-exec-1] o.a.c.c.C.[Tomcat].[localhost].[/]       : Initializing Spring DispatcherServlet 'dispatcherServlet'
2023-08-27 00:56:16.456  INFO 5144 --- [http-nio-8000-exec-1] o.s.web.servlet.DispatcherServlet        : Initializing Servlet 'dispatcherServlet'
2023-08-27 00:56:16.457  INFO 5144 --- [http-nio-8000-exec-1] o.s.web.servlet.DispatcherServlet        : Completed initialization in 1 ms
2023-08-27 00:56:16.592  INFO 5144 --- [restartedMain] com.ecommerce.EcommerceTestApplication   : Started EcommerceTestApplication in 0.971 seconds (JVM running for 130.58)
2023-08-27 00:56:16.594  INFO 5144 --- [restartedMain] com.ecommerce.helpers.DataSeedBuilder    : =======================Preloading Customer data=================================
2023-08-27 00:56:16.605  INFO 5144 --- [restartedMain] com.ecommerce.helpers.DataSeedBuilder    : =======================Preloading Products data=================================
2023-08-27 00:56:16.614  INFO 5144 --- [restartedMain] .ConditionEvaluationDeltaLoggingListener : Condition evaluation unchanged
2023-08-27 00:58:17.197  WARN 5144 --- [HikariPool-4 housekeeper] com.zaxxer.hikari.pool.HikariPool        : HikariPool-4 - Thread starvation or clock leap detected (housekeeper delta=2m964ms22µs900ns).
2023-08-27 00:58:29.237  INFO 5144 --- [http-nio-8000-exec-1] com.ecommerce.services.OrderService      : >>>> Incoming order: CreateOrderRequest(shopping_cart_id=1, customer_id=1, product_id=1, status=Pending)
2023-08-27 00:59:12.577  INFO 5144 --- [SpringApplicationShutdownHook] j.LocalContainerEntityManagerFactoryBean : Closing JPA EntityManagerFactory for persistence unit 'default'
2023-08-27 00:59:12.577  INFO 5144 --- [SpringApplicationShutdownHook] .SchemaDropperImpl$DelayedDropActionImpl : HHH000477: Starting delayed evictData of schema as part of SessionFactory shut-down'
2023-08-27 00:59:12.784  WARN 5144 --- [SpringApplicationShutdownHook] o.s.b.f.support.DisposableBeanAdapter    : Invocation of destroy method failed on bean with name 'inMemoryDatabaseShutdownExecutor': org.h2.jdbc.JdbcSQLNonTransientConnectionException: Database is already closed (to disable automatic closing at VM shutdown, add ";DB_CLOSE_ON_EXIT=FALSE" to the db URL) [90121-214]
2023-08-27 00:59:12.786  INFO 5144 --- [SpringApplicationShutdownHook] com.zaxxer.hikari.HikariDataSource       : HikariPool-4 - Shutdown initiated...
2023-08-27 00:59:12.795  INFO 5144 --- [SpringApplicationShutdownHook] com.zaxxer.hikari.HikariDataSource       : HikariPool-4 - Shutdown completed.
